{"name":"Runs Cucumber Feature","status":"broken","statusDetails":{"known":false,"muted":false,"flaky":false,"message":"java.lang.AssertionError: Unable to Click on Element- p11","trace":"cucumber.runtime.CucumberException: java.lang.AssertionError: Unable to Click on Element- p11\r\n\tat cucumber.api.testng.TestNGCucumberRunner.runCucumber(TestNGCucumberRunner.java:69)\r\n\tat cucumber.api.testng.AbstractTestNGCucumberTests.feature(AbstractTestNGCucumberTests.java:21)\r\n\tat sun.reflect.NativeMethodAccessorImpl.invoke0(Native Method)\r\n\tat sun.reflect.NativeMethodAccessorImpl.invoke(NativeMethodAccessorImpl.java:62)\r\n\tat sun.reflect.DelegatingMethodAccessorImpl.invoke(DelegatingMethodAccessorImpl.java:43)\r\n\tat java.lang.reflect.Method.invoke(Method.java:498)\r\n\tat org.testng.internal.MethodInvocationHelper.invokeMethod(MethodInvocationHelper.java:124)\r\n\tat org.testng.internal.Invoker.invokeMethod(Invoker.java:583)\r\n\tat org.testng.internal.Invoker.invokeTestMethod(Invoker.java:719)\r\n\tat org.testng.internal.Invoker.invokeTestMethods(Invoker.java:989)\r\n\tat org.testng.internal.TestMethodWorker.invokeTestMethods(TestMethodWorker.java:125)\r\n\tat org.testng.internal.TestMethodWorker.run(TestMethodWorker.java:109)\r\n\tat org.testng.TestRunner.privateRun(TestRunner.java:648)\r\n\tat org.testng.TestRunner.run(TestRunner.java:505)\r\n\tat org.testng.SuiteRunner.runTest(SuiteRunner.java:455)\r\n\tat org.testng.SuiteRunner.runSequentially(SuiteRunner.java:450)\r\n\tat org.testng.SuiteRunner.privateRun(SuiteRunner.java:415)\r\n\tat org.testng.SuiteRunner.run(SuiteRunner.java:364)\r\n\tat org.testng.SuiteRunnerWorker.runSuite(SuiteRunnerWorker.java:52)\r\n\tat org.testng.SuiteRunnerWorker.run(SuiteRunnerWorker.java:84)\r\n\tat org.testng.TestNG.runSuitesSequentially(TestNG.java:1208)\r\n\tat org.testng.TestNG.runSuitesLocally(TestNG.java:1137)\r\n\tat org.testng.TestNG.runSuites(TestNG.java:1049)\r\n\tat org.testng.TestNG.run(TestNG.java:1017)\r\n\tat com.intellij.rt.testng.IDEARemoteTestNG.run(IDEARemoteTestNG.java:66)\r\n\tat com.intellij.rt.testng.RemoteTestNGStarter.main(RemoteTestNGStarter.java:109)\r\nCaused by: java.lang.AssertionError: Unable to Click on Element- p11\r\n\tat org.testng.Assert.fail(Assert.java:96)\r\n\tat appmanager.ExtentCucumberFormatter.testStepFailed(ExtentCucumberFormatter.java:253)\r\n\tat appmanager.HelperBase.clickOn(HelperBase.java:249)\r\n\tat pages.Nopcommerce_page1.login(Nopcommerce_page1.java:142)\r\n\tat tests.Nopcommerce_stepdefn.use_enters_valid_username_and_password(Nopcommerce_stepdefn.java:36)\r\n\tat âœ½.When use enters valid username and password(features/Nopcommerce.feature:14)\r\n"},"stage":"finished","steps":[{"name":"LOG INFO : Clicked on Element-logn","status":"passed","stage":"finished","steps":[],"attachments":[],"parameters":[],"start":1663065889817,"stop":1663065889818},{"name":"LOG INFO : Entered the value in the  :email field :pavankuma115@gmail.com","status":"passed","stage":"finished","steps":[],"attachments":[],"parameters":[],"start":1663065893007,"stop":1663065893007},{"name":"LOG INFO : Entered the value in the  :pwd1 field :123456","status":"passed","stage":"finished","steps":[],"attachments":[],"parameters":[],"start":1663065896135,"stop":1663065896135},{"name":"LOG ERROR:Unable to Click on Element- p11","status":"failed","stage":"finished","steps":[],"attachments":[],"parameters":[],"start":1663065924529,"stop":1663065924529},{"name":"Manual verification point","status":"passed","stage":"finished","steps":[],"attachments":[{"name":"SCREENSHOT","source":"05d246f9-7161-4013-8d8e-4b084718e95a-attachment.png","type":"image/png"}],"parameters":[],"start":1663065924533,"stop":1663065924556}],"attachments":[],"parameters":[{"name":"arg0","value":"Nopcommerce"}],"start":1663065872047,"stop":1663065926703,"uuid":"26c2dee3-2fda-458a-99a7-e9009673ecc8","historyId":"d6938096372f384287ca34e155b88728","fullName":"cucumber.api.testng.AbstractTestNGCucumberTests.feature","labels":[{"name":"package","value":"tests.TestRunner"},{"name":"testClass","value":"tests.TestRunner"},{"name":"testMethod","value":"feature"},{"name":"parentSuite","value":"Default Suite"},{"name":"suite","value":"framework"},{"name":"subSuite","value":"tests.TestRunner"},{"name":"host","value":"STIPL-SMBD0024"},{"name":"thread","value":"15288@STIPL-SMBD0024.main(1)"},{"name":"framework","value":"testng"},{"name":"language","value":"java"}],"links":[]}