{"name":"Runs Cucumber Feature","status":"broken","statusDetails":{"known":false,"muted":false,"flaky":false,"message":"java.lang.AssertionError: Exception caught while entering the value in :pen field, message is->Expected condition failed: waiting for appmanager.HelperBase$1@68b9834c (tried for 20 second(s) with 5000 milliseconds interval)","trace":"cucumber.runtime.CucumberException: java.lang.AssertionError: Exception caught while entering the value in :pen field, message is->Expected condition failed: waiting for appmanager.HelperBase$1@68b9834c (tried for 20 second(s) with 5000 milliseconds interval)\r\n\tat cucumber.api.testng.TestNGCucumberRunner.runCucumber(TestNGCucumberRunner.java:69)\r\n\tat cucumber.api.testng.AbstractTestNGCucumberTests.feature(AbstractTestNGCucumberTests.java:21)\r\n\tat sun.reflect.NativeMethodAccessorImpl.invoke0(Native Method)\r\n\tat sun.reflect.NativeMethodAccessorImpl.invoke(NativeMethodAccessorImpl.java:62)\r\n\tat sun.reflect.DelegatingMethodAccessorImpl.invoke(DelegatingMethodAccessorImpl.java:43)\r\n\tat java.lang.reflect.Method.invoke(Method.java:498)\r\n\tat org.testng.internal.MethodInvocationHelper.invokeMethod(MethodInvocationHelper.java:124)\r\n\tat org.testng.internal.Invoker.invokeMethod(Invoker.java:583)\r\n\tat org.testng.internal.Invoker.invokeTestMethod(Invoker.java:719)\r\n\tat org.testng.internal.Invoker.invokeTestMethods(Invoker.java:989)\r\n\tat org.testng.internal.TestMethodWorker.invokeTestMethods(TestMethodWorker.java:125)\r\n\tat org.testng.internal.TestMethodWorker.run(TestMethodWorker.java:109)\r\n\tat org.testng.TestRunner.privateRun(TestRunner.java:648)\r\n\tat org.testng.TestRunner.run(TestRunner.java:505)\r\n\tat org.testng.SuiteRunner.runTest(SuiteRunner.java:455)\r\n\tat org.testng.SuiteRunner.runSequentially(SuiteRunner.java:450)\r\n\tat org.testng.SuiteRunner.privateRun(SuiteRunner.java:415)\r\n\tat org.testng.SuiteRunner.run(SuiteRunner.java:364)\r\n\tat org.testng.SuiteRunnerWorker.runSuite(SuiteRunnerWorker.java:52)\r\n\tat org.testng.SuiteRunnerWorker.run(SuiteRunnerWorker.java:84)\r\n\tat org.testng.TestNG.runSuitesSequentially(TestNG.java:1208)\r\n\tat org.testng.TestNG.runSuitesLocally(TestNG.java:1137)\r\n\tat org.testng.TestNG.runSuites(TestNG.java:1049)\r\n\tat org.testng.TestNG.run(TestNG.java:1017)\r\n\tat com.intellij.rt.testng.IDEARemoteTestNG.run(IDEARemoteTestNG.java:66)\r\n\tat com.intellij.rt.testng.RemoteTestNGStarter.main(RemoteTestNGStarter.java:109)\r\nCaused by: java.lang.AssertionError: Exception caught while entering the value in :pen field, message is->Expected condition failed: waiting for appmanager.HelperBase$1@68b9834c (tried for 20 second(s) with 5000 milliseconds interval)\r\n\tat org.testng.Assert.fail(Assert.java:96)\r\n\tat appmanager.ExtentCucumberFormatter.testStepFailed(ExtentCucumberFormatter.java:253)\r\n\tat appmanager.HelperBase.entertext(HelperBase.java:3502)\r\n\tat pages.Amazon_page.search(Amazon_page.java:27)\r\n\tat tests.Amazon_stepdefn.pen_is_in_store(Amazon_stepdefn.java:20)\r\n\tat âœ½.When pen is in store(features/Amazon.feature:6)\r\n"},"stage":"finished","steps":[{"name":"LOG ERROR:Exception caught while entering the value in :pen field, message is->Expected condition failed: waiting for appmanager.HelperBase$1@68b9834c (tried for 20 second(s) with 5000 milliseconds interval)","status":"failed","stage":"finished","steps":[],"attachments":[],"parameters":[],"start":1662724683750,"stop":1662724683751},{"name":"Manual verification point","status":"passed","stage":"finished","steps":[],"attachments":[{"name":"SCREENSHOT","source":"df969d8d-ca49-4c1c-92ba-b0850269a7c9-attachment.png","type":"image/png"}],"parameters":[],"start":1662724683754,"stop":1662724683800}],"attachments":[],"parameters":[{"name":"arg0","value":"amazon"}],"start":1662724643903,"stop":1662724687427,"uuid":"520a23eb-8a6a-45d6-9393-6a13184d3d38","historyId":"71474b5881e5a913952de424fea3795c","fullName":"cucumber.api.testng.AbstractTestNGCucumberTests.feature","labels":[{"name":"package","value":"tests.TestRunner"},{"name":"testClass","value":"tests.TestRunner"},{"name":"testMethod","value":"feature"},{"name":"parentSuite","value":"Default Suite"},{"name":"suite","value":"framework"},{"name":"subSuite","value":"tests.TestRunner"},{"name":"host","value":"STIPL-SMBD0024"},{"name":"thread","value":"4060@STIPL-SMBD0024.main(1)"},{"name":"framework","value":"testng"},{"name":"language","value":"java"}],"links":[]}