{"name":"Runs Cucumber Feature","status":"broken","statusDetails":{"known":false,"muted":false,"flaky":false,"message":"java.lang.AssertionError: Unable to Click on Element- cart","trace":"cucumber.runtime.CucumberException: java.lang.AssertionError: Unable to Click on Element- cart\r\n\tat cucumber.api.testng.TestNGCucumberRunner.runCucumber(TestNGCucumberRunner.java:69)\r\n\tat cucumber.api.testng.AbstractTestNGCucumberTests.feature(AbstractTestNGCucumberTests.java:21)\r\n\tat sun.reflect.NativeMethodAccessorImpl.invoke0(Native Method)\r\n\tat sun.reflect.NativeMethodAccessorImpl.invoke(NativeMethodAccessorImpl.java:62)\r\n\tat sun.reflect.DelegatingMethodAccessorImpl.invoke(DelegatingMethodAccessorImpl.java:43)\r\n\tat java.lang.reflect.Method.invoke(Method.java:498)\r\n\tat org.testng.internal.MethodInvocationHelper.invokeMethod(MethodInvocationHelper.java:124)\r\n\tat org.testng.internal.Invoker.invokeMethod(Invoker.java:583)\r\n\tat org.testng.internal.Invoker.invokeTestMethod(Invoker.java:719)\r\n\tat org.testng.internal.Invoker.invokeTestMethods(Invoker.java:989)\r\n\tat org.testng.internal.TestMethodWorker.invokeTestMethods(TestMethodWorker.java:125)\r\n\tat org.testng.internal.TestMethodWorker.run(TestMethodWorker.java:109)\r\n\tat org.testng.TestRunner.privateRun(TestRunner.java:648)\r\n\tat org.testng.TestRunner.run(TestRunner.java:505)\r\n\tat org.testng.SuiteRunner.runTest(SuiteRunner.java:455)\r\n\tat org.testng.SuiteRunner.runSequentially(SuiteRunner.java:450)\r\n\tat org.testng.SuiteRunner.privateRun(SuiteRunner.java:415)\r\n\tat org.testng.SuiteRunner.run(SuiteRunner.java:364)\r\n\tat org.testng.SuiteRunnerWorker.runSuite(SuiteRunnerWorker.java:52)\r\n\tat org.testng.SuiteRunnerWorker.run(SuiteRunnerWorker.java:84)\r\n\tat org.testng.TestNG.runSuitesSequentially(TestNG.java:1208)\r\n\tat org.testng.TestNG.runSuitesLocally(TestNG.java:1137)\r\n\tat org.testng.TestNG.runSuites(TestNG.java:1049)\r\n\tat org.testng.TestNG.run(TestNG.java:1017)\r\n\tat com.intellij.rt.testng.IDEARemoteTestNG.run(IDEARemoteTestNG.java:66)\r\n\tat com.intellij.rt.testng.RemoteTestNGStarter.main(RemoteTestNGStarter.java:109)\r\nCaused by: java.lang.AssertionError: Unable to Click on Element- cart\r\n\tat org.testng.Assert.fail(Assert.java:96)\r\n\tat appmanager.ExtentCucumberFormatter.testStepFailed(ExtentCucumberFormatter.java:253)\r\n\tat appmanager.HelperBase.clickOn(HelperBase.java:249)\r\n\tat pages.Amazon_page.cart(Amazon_page.java:34)\r\n\tat tests.Amazon_stepdefn.add_to_cart(Amazon_stepdefn.java:25)\r\n\tat âœ½.Then add to cart(features/Amazon.feature:7)\r\n"},"stage":"finished","steps":[{"name":"LOG INFO : Entered the value in the  :pen field :pen","status":"passed","stage":"finished","steps":[],"attachments":[],"parameters":[],"start":1662725261038,"stop":1662725261039},{"name":"LOG INFO : Clicked on Element-submitbutton","status":"passed","stage":"finished","steps":[],"attachments":[],"parameters":[],"start":1662725266984,"stop":1662725266984},{"name":"LOG INFO : Clicked on Element-pen","status":"passed","stage":"finished","steps":[],"attachments":[],"parameters":[],"start":1662725277344,"stop":1662725277344},{"name":"LOG ERROR:Unable to Click on Element- cart","status":"failed","stage":"finished","steps":[],"attachments":[],"parameters":[],"start":1662725308156,"stop":1662725308156},{"name":"Manual verification point","status":"passed","stage":"finished","steps":[],"attachments":[{"name":"SCREENSHOT","source":"28c8c728-0a50-4d1f-b142-75831dc1e9ff-attachment.png","type":"image/png"}],"parameters":[],"start":1662725308159,"stop":1662725308213}],"attachments":[],"parameters":[{"name":"arg0","value":"amazon"}],"start":1662725242961,"stop":1662725312117,"uuid":"69d2ca22-a437-477d-a7cd-ede466106906","historyId":"71474b5881e5a913952de424fea3795c","fullName":"cucumber.api.testng.AbstractTestNGCucumberTests.feature","labels":[{"name":"package","value":"tests.TestRunner"},{"name":"testClass","value":"tests.TestRunner"},{"name":"testMethod","value":"feature"},{"name":"parentSuite","value":"Default Suite"},{"name":"suite","value":"framework"},{"name":"subSuite","value":"tests.TestRunner"},{"name":"host","value":"STIPL-SMBD0024"},{"name":"thread","value":"4440@STIPL-SMBD0024.main(1)"},{"name":"framework","value":"testng"},{"name":"language","value":"java"}],"links":[]}