{"name":"Runs Cucumber Feature","status":"broken","statusDetails":{"known":false,"muted":false,"flaky":false,"message":"java.lang.AssertionError: Unable to Click on Element- CLINK","trace":"cucumber.runtime.CucumberException: java.lang.AssertionError: Unable to Click on Element- CLINK\r\n\tat cucumber.api.testng.TestNGCucumberRunner.runCucumber(TestNGCucumberRunner.java:69)\r\n\tat cucumber.api.testng.AbstractTestNGCucumberTests.feature(AbstractTestNGCucumberTests.java:21)\r\n\tat sun.reflect.NativeMethodAccessorImpl.invoke0(Native Method)\r\n\tat sun.reflect.NativeMethodAccessorImpl.invoke(NativeMethodAccessorImpl.java:62)\r\n\tat sun.reflect.DelegatingMethodAccessorImpl.invoke(DelegatingMethodAccessorImpl.java:43)\r\n\tat java.lang.reflect.Method.invoke(Method.java:498)\r\n\tat org.testng.internal.MethodInvocationHelper.invokeMethod(MethodInvocationHelper.java:124)\r\n\tat org.testng.internal.Invoker.invokeMethod(Invoker.java:583)\r\n\tat org.testng.internal.Invoker.invokeTestMethod(Invoker.java:719)\r\n\tat org.testng.internal.Invoker.invokeTestMethods(Invoker.java:989)\r\n\tat org.testng.internal.TestMethodWorker.invokeTestMethods(TestMethodWorker.java:125)\r\n\tat org.testng.internal.TestMethodWorker.run(TestMethodWorker.java:109)\r\n\tat org.testng.TestRunner.privateRun(TestRunner.java:648)\r\n\tat org.testng.TestRunner.run(TestRunner.java:505)\r\n\tat org.testng.SuiteRunner.runTest(SuiteRunner.java:455)\r\n\tat org.testng.SuiteRunner.runSequentially(SuiteRunner.java:450)\r\n\tat org.testng.SuiteRunner.privateRun(SuiteRunner.java:415)\r\n\tat org.testng.SuiteRunner.run(SuiteRunner.java:364)\r\n\tat org.testng.SuiteRunnerWorker.runSuite(SuiteRunnerWorker.java:52)\r\n\tat org.testng.SuiteRunnerWorker.run(SuiteRunnerWorker.java:84)\r\n\tat org.testng.TestNG.runSuitesSequentially(TestNG.java:1208)\r\n\tat org.testng.TestNG.runSuitesLocally(TestNG.java:1137)\r\n\tat org.testng.TestNG.runSuites(TestNG.java:1049)\r\n\tat org.testng.TestNG.run(TestNG.java:1017)\r\n\tat com.intellij.rt.testng.IDEARemoteTestNG.run(IDEARemoteTestNG.java:66)\r\n\tat com.intellij.rt.testng.RemoteTestNGStarter.main(RemoteTestNGStarter.java:109)\r\nCaused by: java.lang.AssertionError: Unable to Click on Element- CLINK\r\n\tat org.testng.Assert.fail(Assert.java:96)\r\n\tat appmanager.ExtentCucumberFormatter.testStepFailed(ExtentCucumberFormatter.java:253)\r\n\tat appmanager.HelperBase.clickOn(HelperBase.java:249)\r\n\tat pages.Nopcommerce_page.orderr(Nopcommerce_page.java:95)\r\n\tat tests.Nopcommerce_stepdefn.add_multipe_products_to_the_wishlist_and_then_to_the_cart(Nopcommerce_stepdefn.java:26)\r\n\tat âœ½.Then add multipe products to the wishlist and then to the cart(features/Nopcommerce.feature:8)\r\n"},"stage":"finished","steps":[{"name":"LOG INFO : Clicked on Element-REG","status":"passed","stage":"finished","steps":[],"attachments":[],"parameters":[],"start":1663056415678,"stop":1663056415679},{"name":"LOG INFO : Clicked on Element-GEN","status":"passed","stage":"finished","steps":[],"attachments":[],"parameters":[],"start":1663056416756,"stop":1663056416756},{"name":"LOG INFO : Entered the value in the  :FIRST field :pavankumar1","status":"passed","stage":"finished","steps":[],"attachments":[],"parameters":[],"start":1663056419906,"stop":1663056419906},{"name":"LOG INFO : Entered the value in the  :LAST field :s","status":"passed","stage":"finished","steps":[],"attachments":[],"parameters":[],"start":1663056423038,"stop":1663056423038},{"name":"LOG INFO : Selected the value with index 2 from the dropdown DATE","status":"passed","stage":"finished","steps":[],"attachments":[],"parameters":[],"start":1663056423190,"stop":1663056423190},{"name":"LOG INFO : Selected the value with index 2 from the dropdown MON","status":"passed","stage":"finished","steps":[],"attachments":[],"parameters":[],"start":1663056423317,"stop":1663056423317},{"name":"LOG INFO : Selected the value with index 2 from the dropdown YER","status":"passed","stage":"finished","steps":[],"attachments":[],"parameters":[],"start":1663056423474,"stop":1663056423474},{"name":"LOG INFO : Entered the value in the  :EMAIL field :pavankuma01@gmail.com","status":"passed","stage":"finished","steps":[],"attachments":[],"parameters":[],"start":1663056426622,"stop":1663056426622},{"name":"LOG INFO : Entered the value in the  :COM field :amazon","status":"passed","stage":"finished","steps":[],"attachments":[],"parameters":[],"start":1663056429752,"stop":1663056429752},{"name":"LOG INFO : Entered the value in the  :PWD field :123456","status":"passed","stage":"finished","steps":[],"attachments":[],"parameters":[],"start":1663056432888,"stop":1663056432888},{"name":"LOG INFO : Entered the value in the  :CPWD field :123456","status":"passed","stage":"finished","steps":[],"attachments":[],"parameters":[],"start":1663056436024,"stop":1663056436024},{"name":"LOG INFO : Clicked on Element-SUB","status":"passed","stage":"finished","steps":[],"attachments":[],"parameters":[],"start":1663056439389,"stop":1663056439389},{"name":"LOG INFO : Clicked on Element-COMPT","status":"passed","stage":"finished","steps":[],"attachments":[],"parameters":[],"start":1663056445044,"stop":1663056445044},{"name":"LOG INFO : Clicked on Element-DES","status":"passed","stage":"finished","steps":[],"attachments":[],"parameters":[],"start":1663056446689,"stop":1663056446689},{"name":"LOG INFO : Clicked on Element-P1","status":"passed","stage":"finished","steps":[],"attachments":[],"parameters":[],"start":1663056449455,"stop":1663056449455},{"name":"LOG INFO : Selected the value with index 2 from the dropdown P1DD","status":"passed","stage":"finished","steps":[],"attachments":[],"parameters":[],"start":1663056449582,"stop":1663056449582},{"name":"LOG INFO : Clicked on Element-P1HDD","status":"passed","stage":"finished","steps":[],"attachments":[],"parameters":[],"start":1663056450655,"stop":1663056450655},{"name":"LOG INFO : Clicked on Element-CART","status":"passed","stage":"finished","steps":[],"attachments":[],"parameters":[],"start":1663056451728,"stop":1663056451728},{"name":"LOG ERROR:Unable to Click on Element- CLINK","status":"failed","stage":"finished","steps":[],"attachments":[],"parameters":[],"start":1663056456875,"stop":1663056456875},{"name":"Manual verification point","status":"passed","stage":"finished","steps":[],"attachments":[{"name":"SCREENSHOT","source":"06acff16-94b1-4d83-8f72-36b37d1a1054-attachment.png","type":"image/png"}],"parameters":[],"start":1663056456879,"stop":1663056456910}],"attachments":[],"parameters":[{"name":"arg0","value":"Nopcommerce"}],"start":1663056403017,"stop":1663056459717,"uuid":"6adc0a1e-0e29-434e-a91a-f2ab8003e524","historyId":"d6938096372f384287ca34e155b88728","fullName":"cucumber.api.testng.AbstractTestNGCucumberTests.feature","labels":[{"name":"package","value":"tests.TestRunner"},{"name":"testClass","value":"tests.TestRunner"},{"name":"testMethod","value":"feature"},{"name":"parentSuite","value":"Default Suite"},{"name":"suite","value":"framework"},{"name":"subSuite","value":"tests.TestRunner"},{"name":"host","value":"STIPL-SMBD0024"},{"name":"thread","value":"8532@STIPL-SMBD0024.main(1)"},{"name":"framework","value":"testng"},{"name":"language","value":"java"}],"links":[]}