{"name":"Runs Cucumber Feature","status":"broken","statusDetails":{"known":false,"muted":false,"flaky":false,"message":"java.lang.AssertionError: Unable to Click on Element- TICK","trace":"cucumber.runtime.CucumberException: java.lang.AssertionError: Unable to Click on Element- TICK\r\n\tat cucumber.api.testng.TestNGCucumberRunner.runCucumber(TestNGCucumberRunner.java:69)\r\n\tat cucumber.api.testng.AbstractTestNGCucumberTests.feature(AbstractTestNGCucumberTests.java:21)\r\n\tat sun.reflect.NativeMethodAccessorImpl.invoke0(Native Method)\r\n\tat sun.reflect.NativeMethodAccessorImpl.invoke(NativeMethodAccessorImpl.java:62)\r\n\tat sun.reflect.DelegatingMethodAccessorImpl.invoke(DelegatingMethodAccessorImpl.java:43)\r\n\tat java.lang.reflect.Method.invoke(Method.java:498)\r\n\tat org.testng.internal.MethodInvocationHelper.invokeMethod(MethodInvocationHelper.java:124)\r\n\tat org.testng.internal.Invoker.invokeMethod(Invoker.java:583)\r\n\tat org.testng.internal.Invoker.invokeTestMethod(Invoker.java:719)\r\n\tat org.testng.internal.Invoker.invokeTestMethods(Invoker.java:989)\r\n\tat org.testng.internal.TestMethodWorker.invokeTestMethods(TestMethodWorker.java:125)\r\n\tat org.testng.internal.TestMethodWorker.run(TestMethodWorker.java:109)\r\n\tat org.testng.TestRunner.privateRun(TestRunner.java:648)\r\n\tat org.testng.TestRunner.run(TestRunner.java:505)\r\n\tat org.testng.SuiteRunner.runTest(SuiteRunner.java:455)\r\n\tat org.testng.SuiteRunner.runSequentially(SuiteRunner.java:450)\r\n\tat org.testng.SuiteRunner.privateRun(SuiteRunner.java:415)\r\n\tat org.testng.SuiteRunner.run(SuiteRunner.java:364)\r\n\tat org.testng.SuiteRunnerWorker.runSuite(SuiteRunnerWorker.java:52)\r\n\tat org.testng.SuiteRunnerWorker.run(SuiteRunnerWorker.java:84)\r\n\tat org.testng.TestNG.runSuitesSequentially(TestNG.java:1208)\r\n\tat org.testng.TestNG.runSuitesLocally(TestNG.java:1137)\r\n\tat org.testng.TestNG.runSuites(TestNG.java:1049)\r\n\tat org.testng.TestNG.run(TestNG.java:1017)\r\n\tat com.intellij.rt.testng.IDEARemoteTestNG.run(IDEARemoteTestNG.java:66)\r\n\tat com.intellij.rt.testng.RemoteTestNGStarter.main(RemoteTestNGStarter.java:109)\r\nCaused by: java.lang.AssertionError: Unable to Click on Element- TICK\r\n\tat org.testng.Assert.fail(Assert.java:96)\r\n\tat appmanager.ExtentCucumberFormatter.testStepFailed(ExtentCucumberFormatter.java:253)\r\n\tat appmanager.HelperBase.clickOn(HelperBase.java:249)\r\n\tat pages.Nopcommerce_page.checkout(Nopcommerce_page.java:103)\r\n\tat tests.Nopcommerce_stepdefn.checkout_the_product_with_valid_address(Nopcommerce_stepdefn.java:31)\r\n\tat âœ½.Then checkout the product with valid address(features/Nopcommerce.feature:9)\r\n"},"stage":"finished","steps":[{"name":"LOG INFO : Clicked on Element-REG","status":"passed","stage":"finished","steps":[],"attachments":[],"parameters":[],"start":1663057236519,"stop":1663057236519},{"name":"LOG INFO : Clicked on Element-GEN","status":"passed","stage":"finished","steps":[],"attachments":[],"parameters":[],"start":1663057237591,"stop":1663057237591},{"name":"LOG INFO : Entered the value in the  :FIRST field :pavankumar1","status":"passed","stage":"finished","steps":[],"attachments":[],"parameters":[],"start":1663057240786,"stop":1663057240786},{"name":"LOG INFO : Entered the value in the  :LAST field :s","status":"passed","stage":"finished","steps":[],"attachments":[],"parameters":[],"start":1663057243914,"stop":1663057243914},{"name":"LOG INFO : Selected the value with index 2 from the dropdown DATE","status":"passed","stage":"finished","steps":[],"attachments":[],"parameters":[],"start":1663057244135,"stop":1663057244135},{"name":"LOG INFO : Selected the value with index 2 from the dropdown MON","status":"passed","stage":"finished","steps":[],"attachments":[],"parameters":[],"start":1663057244271,"stop":1663057244271},{"name":"LOG INFO : Selected the value with index 2 from the dropdown YER","status":"passed","stage":"finished","steps":[],"attachments":[],"parameters":[],"start":1663057244445,"stop":1663057244445},{"name":"LOG INFO : Entered the value in the  :EMAIL field :pavankuma04@gmail.com","status":"passed","stage":"finished","steps":[],"attachments":[],"parameters":[],"start":1663057247593,"stop":1663057247593},{"name":"LOG INFO : Entered the value in the  :COM field :amazon","status":"passed","stage":"finished","steps":[],"attachments":[],"parameters":[],"start":1663057250728,"stop":1663057250728},{"name":"LOG INFO : Entered the value in the  :PWD field :123456","status":"passed","stage":"finished","steps":[],"attachments":[],"parameters":[],"start":1663057253844,"stop":1663057253844},{"name":"LOG INFO : Entered the value in the  :CPWD field :123456","status":"passed","stage":"finished","steps":[],"attachments":[],"parameters":[],"start":1663057256976,"stop":1663057256976},{"name":"LOG INFO : Clicked on Element-SUB","status":"passed","stage":"finished","steps":[],"attachments":[],"parameters":[],"start":1663057259690,"stop":1663057259690},{"name":"LOG INFO : Clicked on Element-COMPT","status":"passed","stage":"finished","steps":[],"attachments":[],"parameters":[],"start":1663057264882,"stop":1663057264882},{"name":"LOG INFO : Clicked on Element-DES","status":"passed","stage":"finished","steps":[],"attachments":[],"parameters":[],"start":1663057266829,"stop":1663057266829},{"name":"LOG INFO : Clicked on Element-P1","status":"passed","stage":"finished","steps":[],"attachments":[],"parameters":[],"start":1663057269818,"stop":1663057269818},{"name":"LOG INFO : Selected the value with index 2 from the dropdown P1DD","status":"passed","stage":"finished","steps":[],"attachments":[],"parameters":[],"start":1663057269953,"stop":1663057269953},{"name":"LOG INFO : Clicked on Element-P1HDD","status":"passed","stage":"finished","steps":[],"attachments":[],"parameters":[],"start":1663057271021,"stop":1663057271021},{"name":"LOG INFO : Clicked on Element-CART","status":"passed","stage":"finished","steps":[],"attachments":[],"parameters":[],"start":1663057272088,"stop":1663057272088},{"name":"LOG INFO : Clicked on Element-CLSE","status":"passed","stage":"finished","steps":[],"attachments":[],"parameters":[],"start":1663057273162,"stop":1663057273162},{"name":"LOG INFO : Clicked on Element-CLINK","status":"passed","stage":"finished","steps":[],"attachments":[],"parameters":[],"start":1663057278667,"stop":1663057278667},{"name":"LOG ERROR:Unable to Click on Element- TICK","status":"failed","stage":"finished","steps":[],"attachments":[],"parameters":[],"start":1663057302688,"stop":1663057302688},{"name":"Manual verification point","status":"passed","stage":"finished","steps":[],"attachments":[{"name":"SCREENSHOT","source":"6700d670-38ad-427a-b90f-eec7567a8098-attachment.png","type":"image/png"}],"parameters":[],"start":1663057302692,"stop":1663057302737}],"attachments":[],"parameters":[{"name":"arg0","value":"Nopcommerce"}],"start":1663057221289,"stop":1663057304982,"uuid":"7e89f7dd-6805-461f-80fb-a571b0806ae2","historyId":"d6938096372f384287ca34e155b88728","fullName":"cucumber.api.testng.AbstractTestNGCucumberTests.feature","labels":[{"name":"package","value":"tests.TestRunner"},{"name":"testClass","value":"tests.TestRunner"},{"name":"testMethod","value":"feature"},{"name":"parentSuite","value":"Default Suite"},{"name":"suite","value":"framework"},{"name":"subSuite","value":"tests.TestRunner"},{"name":"host","value":"STIPL-SMBD0024"},{"name":"thread","value":"14568@STIPL-SMBD0024.main(1)"},{"name":"framework","value":"testng"},{"name":"language","value":"java"}],"links":[]}