{"name":"Runs Cucumber Feature","status":"broken","statusDetails":{"known":false,"muted":false,"flaky":false,"message":"java.lang.AssertionError: Unable to Click on Element- che","trace":"cucumber.runtime.CucumberException: java.lang.AssertionError: Unable to Click on Element- che\r\n\tat cucumber.api.testng.TestNGCucumberRunner.runCucumber(TestNGCucumberRunner.java:69)\r\n\tat cucumber.api.testng.AbstractTestNGCucumberTests.feature(AbstractTestNGCucumberTests.java:21)\r\n\tat sun.reflect.NativeMethodAccessorImpl.invoke0(Native Method)\r\n\tat sun.reflect.NativeMethodAccessorImpl.invoke(NativeMethodAccessorImpl.java:62)\r\n\tat sun.reflect.DelegatingMethodAccessorImpl.invoke(DelegatingMethodAccessorImpl.java:43)\r\n\tat java.lang.reflect.Method.invoke(Method.java:498)\r\n\tat org.testng.internal.MethodInvocationHelper.invokeMethod(MethodInvocationHelper.java:124)\r\n\tat org.testng.internal.Invoker.invokeMethod(Invoker.java:583)\r\n\tat org.testng.internal.Invoker.invokeTestMethod(Invoker.java:719)\r\n\tat org.testng.internal.Invoker.invokeTestMethods(Invoker.java:989)\r\n\tat org.testng.internal.TestMethodWorker.invokeTestMethods(TestMethodWorker.java:125)\r\n\tat org.testng.internal.TestMethodWorker.run(TestMethodWorker.java:109)\r\n\tat org.testng.TestRunner.privateRun(TestRunner.java:648)\r\n\tat org.testng.TestRunner.run(TestRunner.java:505)\r\n\tat org.testng.SuiteRunner.runTest(SuiteRunner.java:455)\r\n\tat org.testng.SuiteRunner.runSequentially(SuiteRunner.java:450)\r\n\tat org.testng.SuiteRunner.privateRun(SuiteRunner.java:415)\r\n\tat org.testng.SuiteRunner.run(SuiteRunner.java:364)\r\n\tat org.testng.SuiteRunnerWorker.runSuite(SuiteRunnerWorker.java:52)\r\n\tat org.testng.SuiteRunnerWorker.run(SuiteRunnerWorker.java:84)\r\n\tat org.testng.TestNG.runSuitesSequentially(TestNG.java:1208)\r\n\tat org.testng.TestNG.runSuitesLocally(TestNG.java:1137)\r\n\tat org.testng.TestNG.runSuites(TestNG.java:1049)\r\n\tat org.testng.TestNG.run(TestNG.java:1017)\r\n\tat com.intellij.rt.testng.IDEARemoteTestNG.run(IDEARemoteTestNG.java:66)\r\n\tat com.intellij.rt.testng.RemoteTestNGStarter.main(RemoteTestNGStarter.java:109)\r\nCaused by: java.lang.AssertionError: Unable to Click on Element- che\r\n\tat org.testng.Assert.fail(Assert.java:96)\r\n\tat appmanager.ExtentCucumberFormatter.testStepFailed(ExtentCucumberFormatter.java:253)\r\n\tat appmanager.HelperBase.clickOn(HelperBase.java:249)\r\n\tat pages.TestLab_page.useraddtocart(TestLab_page.java:54)\r\n\tat tests.Testlab_Stepdef.user_will_add_a_product_to_cart(Testlab_Stepdef.java:27)\r\n\tat âœ½.Then user will add a product to cart(features/Testlab.feature:7)\r\n"},"stage":"finished","steps":[{"name":"LOG INFO : Entered the value in the  :us field :standard_user","status":"passed","stage":"finished","steps":[],"attachments":[],"parameters":[],"start":1662967966595,"stop":1662967966596},{"name":"LOG INFO : Entered the value in the  :pwd field :secret_sauce","status":"passed","stage":"finished","steps":[],"attachments":[],"parameters":[],"start":1662967968841,"stop":1662967968841},{"name":"LOG INFO : Clicked on Element-log","status":"passed","stage":"finished","steps":[],"attachments":[],"parameters":[],"start":1662967969985,"stop":1662967969985},{"name":"LOG INFO : Clicked on Element-p1","status":"passed","stage":"finished","steps":[],"attachments":[],"parameters":[],"start":1662967974067,"stop":1662967974067},{"name":"LOG INFO : Clicked on Element-add1","status":"passed","stage":"finished","steps":[],"attachments":[],"parameters":[],"start":1662967975137,"stop":1662967975137},{"name":"LOG ERROR:Unable to Click on Element- che","status":"failed","stage":"finished","steps":[],"attachments":[],"parameters":[],"start":1662968004018,"stop":1662968004018},{"name":"Manual verification point","status":"passed","stage":"finished","steps":[],"attachments":[{"name":"SCREENSHOT","source":"fc0ffbf4-368a-4984-b994-e0365dd74a67-attachment.png","type":"image/png"}],"parameters":[],"start":1662968004022,"stop":1662968004054}],"attachments":[],"parameters":[{"name":"arg0","value":"Starlab"}],"start":1662967943098,"stop":1662968006602,"uuid":"88258d43-0fcf-41f9-af37-def4e8e3c5dc","historyId":"a578cf8752a359ffecf67b1c62071c01","fullName":"cucumber.api.testng.AbstractTestNGCucumberTests.feature","labels":[{"name":"package","value":"tests.TestRunner"},{"name":"testClass","value":"tests.TestRunner"},{"name":"testMethod","value":"feature"},{"name":"parentSuite","value":"Default Suite"},{"name":"suite","value":"framework"},{"name":"subSuite","value":"tests.TestRunner"},{"name":"host","value":"STIPL-SMBD0024"},{"name":"thread","value":"9512@STIPL-SMBD0024.main(1)"},{"name":"framework","value":"testng"},{"name":"language","value":"java"}],"links":[]}