{"name":"Runs Cucumber Feature","status":"broken","statusDetails":{"known":false,"muted":false,"flaky":false,"message":"java.lang.AssertionError: Unable to Click on Element- COMPT","trace":"cucumber.runtime.CucumberException: java.lang.AssertionError: Unable to Click on Element- COMPT\r\n\tat cucumber.api.testng.TestNGCucumberRunner.runCucumber(TestNGCucumberRunner.java:69)\r\n\tat cucumber.api.testng.AbstractTestNGCucumberTests.feature(AbstractTestNGCucumberTests.java:21)\r\n\tat sun.reflect.NativeMethodAccessorImpl.invoke0(Native Method)\r\n\tat sun.reflect.NativeMethodAccessorImpl.invoke(NativeMethodAccessorImpl.java:62)\r\n\tat sun.reflect.DelegatingMethodAccessorImpl.invoke(DelegatingMethodAccessorImpl.java:43)\r\n\tat java.lang.reflect.Method.invoke(Method.java:498)\r\n\tat org.testng.internal.MethodInvocationHelper.invokeMethod(MethodInvocationHelper.java:124)\r\n\tat org.testng.internal.Invoker.invokeMethod(Invoker.java:583)\r\n\tat org.testng.internal.Invoker.invokeTestMethod(Invoker.java:719)\r\n\tat org.testng.internal.Invoker.invokeTestMethods(Invoker.java:989)\r\n\tat org.testng.internal.TestMethodWorker.invokeTestMethods(TestMethodWorker.java:125)\r\n\tat org.testng.internal.TestMethodWorker.run(TestMethodWorker.java:109)\r\n\tat org.testng.TestRunner.privateRun(TestRunner.java:648)\r\n\tat org.testng.TestRunner.run(TestRunner.java:505)\r\n\tat org.testng.SuiteRunner.runTest(SuiteRunner.java:455)\r\n\tat org.testng.SuiteRunner.runSequentially(SuiteRunner.java:450)\r\n\tat org.testng.SuiteRunner.privateRun(SuiteRunner.java:415)\r\n\tat org.testng.SuiteRunner.run(SuiteRunner.java:364)\r\n\tat org.testng.SuiteRunnerWorker.runSuite(SuiteRunnerWorker.java:52)\r\n\tat org.testng.SuiteRunnerWorker.run(SuiteRunnerWorker.java:84)\r\n\tat org.testng.TestNG.runSuitesSequentially(TestNG.java:1208)\r\n\tat org.testng.TestNG.runSuitesLocally(TestNG.java:1137)\r\n\tat org.testng.TestNG.runSuites(TestNG.java:1049)\r\n\tat org.testng.TestNG.run(TestNG.java:1017)\r\n\tat com.intellij.rt.testng.IDEARemoteTestNG.run(IDEARemoteTestNG.java:66)\r\n\tat com.intellij.rt.testng.RemoteTestNGStarter.main(RemoteTestNGStarter.java:109)\r\nCaused by: java.lang.AssertionError: Unable to Click on Element- COMPT\r\n\tat org.testng.Assert.fail(Assert.java:96)\r\n\tat appmanager.ExtentCucumberFormatter.testStepFailed(ExtentCucumberFormatter.java:253)\r\n\tat appmanager.HelperBase.clickOn(HelperBase.java:249)\r\n\tat pages.Nopcommerce_page.orderr(Nopcommerce_page.java:90)\r\n\tat tests.Nopcommerce_stepdefn.add_multipe_products_to_the_wishlist_and_then_to_the_cart(Nopcommerce_stepdefn.java:26)\r\n\tat âœ½.Then add multipe products to the wishlist and then to the cart(features/Nopcommerce.feature:8)\r\n"},"stage":"finished","steps":[{"name":"LOG INFO : Clicked on Element-REG","status":"passed","stage":"finished","steps":[],"attachments":[],"parameters":[],"start":1663056589858,"stop":1663056589859},{"name":"LOG INFO : Clicked on Element-GEN","status":"passed","stage":"finished","steps":[],"attachments":[],"parameters":[],"start":1663056590935,"stop":1663056590935},{"name":"LOG INFO : Entered the value in the  :FIRST field :pavankumar1","status":"passed","stage":"finished","steps":[],"attachments":[],"parameters":[],"start":1663056594082,"stop":1663056594082},{"name":"LOG INFO : Entered the value in the  :LAST field :s","status":"passed","stage":"finished","steps":[],"attachments":[],"parameters":[],"start":1663056597207,"stop":1663056597207},{"name":"LOG INFO : Selected the value with index 2 from the dropdown DATE","status":"passed","stage":"finished","steps":[],"attachments":[],"parameters":[],"start":1663056597359,"stop":1663056597359},{"name":"LOG INFO : Selected the value with index 2 from the dropdown MON","status":"passed","stage":"finished","steps":[],"attachments":[],"parameters":[],"start":1663056597499,"stop":1663056597499},{"name":"LOG INFO : Selected the value with index 2 from the dropdown YER","status":"passed","stage":"finished","steps":[],"attachments":[],"parameters":[],"start":1663056597655,"stop":1663056597655},{"name":"LOG INFO : Entered the value in the  :EMAIL field :pavankuma02@gmail.com","status":"passed","stage":"finished","steps":[],"attachments":[],"parameters":[],"start":1663056600809,"stop":1663056600809},{"name":"LOG INFO : Entered the value in the  :COM field :amazon","status":"passed","stage":"finished","steps":[],"attachments":[],"parameters":[],"start":1663056603936,"stop":1663056603936},{"name":"LOG INFO : Entered the value in the  :PWD field :123456","status":"passed","stage":"finished","steps":[],"attachments":[],"parameters":[],"start":1663056607060,"stop":1663056607060},{"name":"LOG INFO : Entered the value in the  :CPWD field :123456","status":"passed","stage":"finished","steps":[],"attachments":[],"parameters":[],"start":1663056610193,"stop":1663056610193},{"name":"LOG INFO : Clicked on Element-SUB","status":"passed","stage":"finished","steps":[],"attachments":[],"parameters":[],"start":1663056612166,"stop":1663056612166},{"name":"LOG ERROR:Unable to Click on Element- COMPT","status":"failed","stage":"finished","steps":[],"attachments":[],"parameters":[],"start":1663056631983,"stop":1663056631983}],"attachments":[],"parameters":[{"name":"arg0","value":"Nopcommerce"}],"start":1663056575367,"stop":1663056632271,"uuid":"d08ffe5a-6dc3-4db2-88fc-3eb1dfce830d","historyId":"d6938096372f384287ca34e155b88728","fullName":"cucumber.api.testng.AbstractTestNGCucumberTests.feature","labels":[{"name":"package","value":"tests.TestRunner"},{"name":"testClass","value":"tests.TestRunner"},{"name":"testMethod","value":"feature"},{"name":"parentSuite","value":"Default Suite"},{"name":"suite","value":"framework"},{"name":"subSuite","value":"tests.TestRunner"},{"name":"host","value":"STIPL-SMBD0024"},{"name":"thread","value":"5460@STIPL-SMBD0024.main(1)"},{"name":"framework","value":"testng"},{"name":"language","value":"java"}],"links":[]}