{"name":"Runs Cucumber Feature","status":"broken","statusDetails":{"known":false,"muted":false,"flaky":false,"message":"java.lang.AssertionError: Unable to Click on Element- SUB","trace":"cucumber.runtime.CucumberException: java.lang.AssertionError: Unable to Click on Element- SUB\r\n\tat cucumber.api.testng.TestNGCucumberRunner.runCucumber(TestNGCucumberRunner.java:69)\r\n\tat cucumber.api.testng.AbstractTestNGCucumberTests.feature(AbstractTestNGCucumberTests.java:21)\r\n\tat sun.reflect.NativeMethodAccessorImpl.invoke0(Native Method)\r\n\tat sun.reflect.NativeMethodAccessorImpl.invoke(NativeMethodAccessorImpl.java:62)\r\n\tat sun.reflect.DelegatingMethodAccessorImpl.invoke(DelegatingMethodAccessorImpl.java:43)\r\n\tat java.lang.reflect.Method.invoke(Method.java:498)\r\n\tat org.testng.internal.MethodInvocationHelper.invokeMethod(MethodInvocationHelper.java:124)\r\n\tat org.testng.internal.Invoker.invokeMethod(Invoker.java:583)\r\n\tat org.testng.internal.Invoker.invokeTestMethod(Invoker.java:719)\r\n\tat org.testng.internal.Invoker.invokeTestMethods(Invoker.java:989)\r\n\tat org.testng.internal.TestMethodWorker.invokeTestMethods(TestMethodWorker.java:125)\r\n\tat org.testng.internal.TestMethodWorker.run(TestMethodWorker.java:109)\r\n\tat org.testng.TestRunner.privateRun(TestRunner.java:648)\r\n\tat org.testng.TestRunner.run(TestRunner.java:505)\r\n\tat org.testng.SuiteRunner.runTest(SuiteRunner.java:455)\r\n\tat org.testng.SuiteRunner.runSequentially(SuiteRunner.java:450)\r\n\tat org.testng.SuiteRunner.privateRun(SuiteRunner.java:415)\r\n\tat org.testng.SuiteRunner.run(SuiteRunner.java:364)\r\n\tat org.testng.SuiteRunnerWorker.runSuite(SuiteRunnerWorker.java:52)\r\n\tat org.testng.SuiteRunnerWorker.run(SuiteRunnerWorker.java:84)\r\n\tat org.testng.TestNG.runSuitesSequentially(TestNG.java:1208)\r\n\tat org.testng.TestNG.runSuitesLocally(TestNG.java:1137)\r\n\tat org.testng.TestNG.runSuites(TestNG.java:1049)\r\n\tat org.testng.TestNG.run(TestNG.java:1017)\r\n\tat com.intellij.rt.testng.IDEARemoteTestNG.run(IDEARemoteTestNG.java:66)\r\n\tat com.intellij.rt.testng.RemoteTestNGStarter.main(RemoteTestNGStarter.java:109)\r\nCaused by: java.lang.AssertionError: Unable to Click on Element- SUB\r\n\tat org.testng.Assert.fail(Assert.java:96)\r\n\tat appmanager.ExtentCucumberFormatter.testStepFailed(ExtentCucumberFormatter.java:253)\r\n\tat appmanager.HelperBase.clickOn(HelperBase.java:249)\r\n\tat pages.Nopcommerce_page.regester(Nopcommerce_page.java:84)\r\n\tat tests.Nopcommerce_stepdefn.signup_to_tha_application(Nopcommerce_stepdefn.java:21)\r\n\tat âœ½.When Signup to tha application(features/Nopcommerce.feature:7)\r\n"},"stage":"finished","steps":[{"name":"LOG INFO : Clicked on Element-REG","status":"passed","stage":"finished","steps":[],"attachments":[],"parameters":[],"start":1663055783631,"stop":1663055783631},{"name":"LOG INFO : Clicked on Element-GEN","status":"passed","stage":"finished","steps":[],"attachments":[],"parameters":[],"start":1663055784706,"stop":1663055784706},{"name":"LOG INFO : Entered the value in the  :FIRST field :pavankumar1","status":"passed","stage":"finished","steps":[],"attachments":[],"parameters":[],"start":1663055787863,"stop":1663055787863},{"name":"LOG INFO : Entered the value in the  :LAST field :s","status":"passed","stage":"finished","steps":[],"attachments":[],"parameters":[],"start":1663055790998,"stop":1663055790998},{"name":"LOG INFO : Selected the value with index 2 from the dropdown DATE","status":"passed","stage":"finished","steps":[],"attachments":[],"parameters":[],"start":1663055791152,"stop":1663055791152},{"name":"LOG INFO : Selected the value with index 2 from the dropdown MON","status":"passed","stage":"finished","steps":[],"attachments":[],"parameters":[],"start":1663055791278,"stop":1663055791278},{"name":"LOG INFO : Selected the value with index 2 from the dropdown YER","status":"passed","stage":"finished","steps":[],"attachments":[],"parameters":[],"start":1663055791418,"stop":1663055791418},{"name":"LOG INFO : Entered the value in the  :EMAIL field :pavankumar1@gmail.com","status":"passed","stage":"finished","steps":[],"attachments":[],"parameters":[],"start":1663055794573,"stop":1663055794573},{"name":"LOG INFO : Entered the value in the  :COM field :amazon","status":"passed","stage":"finished","steps":[],"attachments":[],"parameters":[],"start":1663055797708,"stop":1663055797708},{"name":"LOG INFO : Entered the value in the  :PWD field :123456","status":"passed","stage":"finished","steps":[],"attachments":[],"parameters":[],"start":1663055800851,"stop":1663055800851},{"name":"LOG INFO : Entered the value in the  :CPWD field :123456","status":"passed","stage":"finished","steps":[],"attachments":[],"parameters":[],"start":1663055803978,"stop":1663055803978},{"name":"LOG ERROR:Unable to Click on Element- SUB","status":"failed","stage":"finished","steps":[],"attachments":[],"parameters":[],"start":1663055833806,"stop":1663055833806},{"name":"Manual verification point","status":"passed","stage":"finished","steps":[],"attachments":[{"name":"SCREENSHOT","source":"cb475b07-ea54-46f3-a5e0-2c4e457523d7-attachment.png","type":"image/png"}],"parameters":[],"start":1663055833810,"stop":1663055833835}],"attachments":[],"parameters":[{"name":"arg0","value":"Nopcommerce"}],"start":1663055765698,"stop":1663055836802,"uuid":"f4c41b3e-c8b7-4dca-9efe-b764568fd7c1","historyId":"d6938096372f384287ca34e155b88728","fullName":"cucumber.api.testng.AbstractTestNGCucumberTests.feature","labels":[{"name":"package","value":"tests.TestRunner"},{"name":"testClass","value":"tests.TestRunner"},{"name":"testMethod","value":"feature"},{"name":"parentSuite","value":"Default Suite"},{"name":"suite","value":"framework"},{"name":"subSuite","value":"tests.TestRunner"},{"name":"host","value":"STIPL-SMBD0024"},{"name":"thread","value":"12456@STIPL-SMBD0024.main(1)"},{"name":"framework","value":"testng"},{"name":"language","value":"java"}],"links":[]}